<?xml version="1.0" encoding="UTF-8"?>
<testng-results skipped="0" failed="0" ignored="0" total="4" passed="4">
  <reporter-output>
  </reporter-output>
  <suite name="Default suite" duration-ms="12133" started-at="2019-01-03T18:59:49Z" finished-at="2019-01-03T19:00:01Z">
    <groups>
    </groups>
    <test name="Default test" duration-ms="12133" started-at="2019-01-03T18:59:49Z" finished-at="2019-01-03T19:00:01Z">
      <class name="seleniumtestfw.webdriver.SmokeTest">
        <test-method status="PASS" signature="VerifyGmail()[pri:1, instance:seleniumtestfw.webdriver.SmokeTest@13e344d]" name="VerifyGmail" duration-ms="2237" started-at="2019-01-03T18:59:49Z" finished-at="2019-01-03T18:59:52Z">
          <reporter-output>
          </reporter-output>
        </test-method> <!-- VerifyGmail -->
        <test-method status="PASS" signature="GmailLogin()[pri:2, instance:seleniumtestfw.webdriver.SmokeTest@13e344d]" name="GmailLogin" duration-ms="9209" started-at="2019-01-03T18:59:52Z" finished-at="2019-01-03T19:00:01Z">
          <reporter-output>
          </reporter-output>
        </test-method> <!-- GmailLogin -->
        <test-method status="PASS" signature="clickgoogleapps()[pri:3, instance:seleniumtestfw.webdriver.SmokeTest@13e344d]" name="clickgoogleapps" duration-ms="535" started-at="2019-01-03T19:00:01Z" finished-at="2019-01-03T19:00:01Z">
          <reporter-output>
          </reporter-output>
        </test-method> <!-- clickgoogleapps -->
        <test-method status="PASS" signature="googleapps()[pri:4, instance:seleniumtestfw.webdriver.SmokeTest@13e344d]" name="googleapps" duration-ms="123" started-at="2019-01-03T19:00:01Z" finished-at="2019-01-03T19:00:01Z">
          <reporter-output>
          </reporter-output>
        </test-method> <!-- googleapps -->
      </class> <!-- seleniumtestfw.webdriver.SmokeTest -->
    </test> <!-- Default test -->
  </suite> <!-- Default suite -->
</testng-results>
