<?xml version="1.0" encoding="UTF-8"?>
<testng-results skipped="0" failed="0" ignored="0" total="3" passed="3">
  <reporter-output>
  </reporter-output>
  <suite name="Default suite" duration-ms="10086" started-at="2018-12-25T22:28:42Z" finished-at="2018-12-25T22:28:52Z">
    <groups>
    </groups>
    <test name="Default test" duration-ms="10086" started-at="2018-12-25T22:28:42Z" finished-at="2018-12-25T22:28:52Z">
      <class name="seleniumtestfw.webdriver.SmokeTest">
        <test-method status="PASS" signature="VerifyGmail()[pri:1, instance:seleniumtestfw.webdriver.SmokeTest@1215f06]" name="VerifyGmail" duration-ms="1985" started-at="2018-12-25T22:28:42Z" finished-at="2018-12-25T22:28:44Z">
          <reporter-output>
          </reporter-output>
        </test-method> <!-- VerifyGmail -->
        <test-method status="PASS" signature="GmailLogin()[pri:2, instance:seleniumtestfw.webdriver.SmokeTest@1215f06]" name="GmailLogin" duration-ms="7506" started-at="2018-12-25T22:28:44Z" finished-at="2018-12-25T22:28:52Z">
          <reporter-output>
          </reporter-output>
        </test-method> <!-- GmailLogin -->
        <test-method status="PASS" signature="googleapps()[pri:3, instance:seleniumtestfw.webdriver.SmokeTest@1215f06]" name="googleapps" duration-ms="562" started-at="2018-12-25T22:28:52Z" finished-at="2018-12-25T22:28:52Z">
          <reporter-output>
          </reporter-output>
        </test-method> <!-- googleapps -->
      </class> <!-- seleniumtestfw.webdriver.SmokeTest -->
    </test> <!-- Default test -->
  </suite> <!-- Default suite -->
</testng-results>
